{"uid":"f617caeadb6b680b","name":"Admin sends a POST request with missing values in the payload (BUG EXPECTED)","fullName":"src/test/resources/features/postBook.feature:27","historyId":"a2358787e586a9f8f412fc8f393b4040","time":{"start":1735924856573,"stop":1735924856690,"duration":117},"status":"failed","statusMessage":"The error message does not match. expected [Fields 'title' and 'author' cannot be null or empty] but found [Mandatory parameters should not be null]","statusTrace":"java.lang.AssertionError: The error message does not match. expected [Fields 'title' and 'author' cannot be null or empty] but found [Mandatory parameters should not be null]\n\tat org.testng.Assert.fail(Assert.java:111)\n\tat org.testng.Assert.failNotEquals(Assert.java:1578)\n\tat org.testng.Assert.assertEqualsImpl(Assert.java:150)\n\tat org.testng.Assert.assertEquals(Assert.java:132)\n\tat org.testng.Assert.assertEquals(Assert.java:656)\n\tat com.group_53.api_testing.stepDefinitions.updateApiStepDefinitions.AddBookAPISteps.theResponseShouldContainTheMessage(AddBookAPISteps.java:151)\n\tat ✽.the response should contain the message \"Fields 'title' and 'author' cannot be null or empty\"(file:///home/runner/work/API_Testing_demo_grp_53/API_Testing_demo_grp_53/src/test/resources/features/postBook.feature:31)\n","flaky":false,"newFailed":false,"newBroken":false,"newPassed":false,"retriesCount":0,"retriesStatusChange":false,"beforeStages":[],"testStage":{"status":"failed","statusMessage":"The error message does not match. expected [Fields 'title' and 'author' cannot be null or empty] but found [Mandatory parameters should not be null]","statusTrace":"java.lang.AssertionError: The error message does not match. expected [Fields 'title' and 'author' cannot be null or empty] but found [Mandatory parameters should not be null]\n\tat org.testng.Assert.fail(Assert.java:111)\n\tat org.testng.Assert.failNotEquals(Assert.java:1578)\n\tat org.testng.Assert.assertEqualsImpl(Assert.java:150)\n\tat org.testng.Assert.assertEquals(Assert.java:132)\n\tat org.testng.Assert.assertEquals(Assert.java:656)\n\tat com.group_53.api_testing.stepDefinitions.updateApiStepDefinitions.AddBookAPISteps.theResponseShouldContainTheMessage(AddBookAPISteps.java:151)\n\tat ✽.the response should contain the message \"Fields 'title' and 'author' cannot be null or empty\"(file:///home/runner/work/API_Testing_demo_grp_53/API_Testing_demo_grp_53/src/test/resources/features/postBook.feature:31)\n","steps":[{"name":"Given I am an admin user","time":{"start":1735924856573,"stop":1735924856574,"duration":1},"status":"passed","steps":[],"attachments":[],"parameters":[],"shouldDisplayMessage":false,"stepsCount":0,"attachmentsCount":0,"hasContent":false,"attachmentStep":false},{"name":"When I send a POST request to \"/api/books\" with missing values","time":{"start":1735924856574,"stop":1735924856684,"duration":110},"status":"passed","steps":[],"attachments":[],"parameters":[],"shouldDisplayMessage":false,"stepsCount":0,"attachmentsCount":0,"hasContent":false,"attachmentStep":false},{"name":"Then I should receive a response with status code 400","time":{"start":1735924856684,"stop":1735924856685,"duration":1},"status":"passed","steps":[],"attachments":[],"parameters":[],"shouldDisplayMessage":false,"stepsCount":0,"attachmentsCount":0,"hasContent":false,"attachmentStep":false},{"name":"And the response should contain the message \"Fields 'title' and 'author' cannot be null or empty\"","time":{"start":1735924856685,"stop":1735924856689,"duration":4},"status":"failed","statusMessage":"The error message does not match. expected [Fields 'title' and 'author' cannot be null or empty] but found [Mandatory parameters should not be null]","statusTrace":"java.lang.AssertionError: The error message does not match. expected [Fields 'title' and 'author' cannot be null or empty] but found [Mandatory parameters should not be null]\n\tat org.testng.Assert.fail(Assert.java:111)\n\tat org.testng.Assert.failNotEquals(Assert.java:1578)\n\tat org.testng.Assert.assertEqualsImpl(Assert.java:150)\n\tat org.testng.Assert.assertEquals(Assert.java:132)\n\tat org.testng.Assert.assertEquals(Assert.java:656)\n\tat com.group_53.api_testing.stepDefinitions.updateApiStepDefinitions.AddBookAPISteps.theResponseShouldContainTheMessage(AddBookAPISteps.java:151)\n\tat ✽.the response should contain the message \"Fields 'title' and 'author' cannot be null or empty\"(file:///home/runner/work/API_Testing_demo_grp_53/API_Testing_demo_grp_53/src/test/resources/features/postBook.feature:31)\n","steps":[],"attachments":[],"parameters":[],"shouldDisplayMessage":true,"stepsCount":0,"attachmentsCount":0,"hasContent":true,"attachmentStep":false}],"attachments":[],"parameters":[],"shouldDisplayMessage":false,"stepsCount":4,"attachmentsCount":0,"hasContent":true,"attachmentStep":false},"afterStages":[],"labels":[{"name":"host","value":"fv-az1795-897"},{"name":"thread","value":"1776@fv-az1795-897.main(1)"},{"name":"feature","value":"Add new book to the system"},{"name":"story","value":"Admin sends a POST request with missing values in the payload (BUG EXPECTED)"},{"name":"suite","value":"Add new book to the system"},{"name":"testClass","value":"Admin sends a POST request with missing values in the payload (BUG EXPECTED)"},{"name":"framework","value":"cucumber4jvm"},{"name":"language","value":"java"},{"name":"gherkin_uri","value":"file:///home/runner/work/API_Testing_demo_grp_53/API_Testing_demo_grp_53/src/test/resources/features/postBook.feature"},{"name":"package","value":"src.test.resources.features.postBook_feature.Add new book to the system"},{"name":"resultFormat","value":"allure2"}],"parameters":[],"links":[],"hidden":false,"retry":false,"extra":{"severity":"normal","retries":[],"categories":[{"name":"Product defects","matchedStatuses":[],"flaky":false}],"tags":[]},"source":"f617caeadb6b680b.json","parameterValues":[]}