{"uid":"336920c385501144","name":"Successfully update a book","fullName":"src/test/resources/features/api_tests.feature:3","historyId":"223e7db8b1d38a83b2616db4dfe7fbbc","time":{"start":1735925915933,"stop":1735925917772,"duration":1839},"status":"failed","statusMessage":"BUG: Expected status code 200 but got 404","statusTrace":"java.lang.AssertionError: BUG: Expected status code 200 but got 404\n\tat org.testng.Assert.fail(Assert.java:111)\n\tat com.group_53.api_testing.stepDefinitions.updateApiStepDefinitions.UpdateBookStepDefinitions.verifyStatusCode(UpdateBookStepDefinitions.java:62)\n\tat ✽.the response status code should be 200(file:///home/runner/work/API_Testing_demo_grp_53/API_Testing_demo_grp_53/src/test/resources/features/api_tests.feature:14)\n","flaky":false,"newFailed":false,"newBroken":false,"newPassed":false,"retriesCount":0,"retriesStatusChange":false,"beforeStages":[],"testStage":{"status":"failed","statusMessage":"BUG: Expected status code 200 but got 404","statusTrace":"java.lang.AssertionError: BUG: Expected status code 200 but got 404\n\tat org.testng.Assert.fail(Assert.java:111)\n\tat com.group_53.api_testing.stepDefinitions.updateApiStepDefinitions.UpdateBookStepDefinitions.verifyStatusCode(UpdateBookStepDefinitions.java:62)\n\tat ✽.the response status code should be 200(file:///home/runner/work/API_Testing_demo_grp_53/API_Testing_demo_grp_53/src/test/resources/features/api_tests.feature:14)\n","steps":[{"name":"Given the API base URL is \"http://localhost:7081\"","time":{"start":1735925915935,"stop":1735925916180,"duration":245},"status":"passed","steps":[],"attachments":[],"parameters":[],"shouldDisplayMessage":false,"stepsCount":0,"attachmentsCount":0,"hasContent":false,"attachmentStep":false},{"name":"And a book exists with id 2","time":{"start":1735925916181,"stop":1735925916182,"duration":1},"status":"passed","steps":[],"attachments":[],"parameters":[],"shouldDisplayMessage":false,"stepsCount":0,"attachmentsCount":0,"hasContent":false,"attachmentStep":false},{"name":"When I send a PUT request to \"/api/books/2\" with the following payload","time":{"start":1735925916182,"stop":1735925917762,"duration":1580},"status":"passed","steps":[],"attachments":[],"parameters":[],"shouldDisplayMessage":false,"stepsCount":0,"attachmentsCount":0,"hasContent":false,"attachmentStep":false},{"name":"Then the response status code should be 200","time":{"start":1735925917762,"stop":1735925917769,"duration":7},"status":"failed","statusMessage":"BUG: Expected status code 200 but got 404","statusTrace":"java.lang.AssertionError: BUG: Expected status code 200 but got 404\n\tat org.testng.Assert.fail(Assert.java:111)\n\tat com.group_53.api_testing.stepDefinitions.updateApiStepDefinitions.UpdateBookStepDefinitions.verifyStatusCode(UpdateBookStepDefinitions.java:62)\n\tat ✽.the response status code should be 200(file:///home/runner/work/API_Testing_demo_grp_53/API_Testing_demo_grp_53/src/test/resources/features/api_tests.feature:14)\n","steps":[],"attachments":[],"parameters":[],"shouldDisplayMessage":true,"stepsCount":0,"attachmentsCount":0,"hasContent":true,"attachmentStep":false},{"name":"And the response body should contain:","time":{"start":1735925917770,"stop":1735925917770,"duration":0},"status":"skipped","steps":[],"attachments":[],"parameters":[],"shouldDisplayMessage":false,"stepsCount":0,"attachmentsCount":0,"hasContent":false,"attachmentStep":false}],"attachments":[],"parameters":[],"shouldDisplayMessage":false,"stepsCount":5,"attachmentsCount":0,"hasContent":true,"attachmentStep":false},"afterStages":[],"labels":[{"name":"host","value":"fv-az1117-366"},{"name":"thread","value":"1943@fv-az1117-366.main(1)"},{"name":"feature","value":"Update Book API"},{"name":"story","value":"Successfully update a book"},{"name":"suite","value":"Update Book API"},{"name":"testClass","value":"Successfully update a book"},{"name":"framework","value":"cucumber4jvm"},{"name":"language","value":"java"},{"name":"gherkin_uri","value":"file:///home/runner/work/API_Testing_demo_grp_53/API_Testing_demo_grp_53/src/test/resources/features/api_tests.feature"},{"name":"package","value":"src.test.resources.features.api_tests_feature.Update Book API"},{"name":"resultFormat","value":"allure2"}],"parameters":[],"links":[],"hidden":false,"retry":false,"extra":{"severity":"normal","retries":[],"categories":[{"name":"Product defects","matchedStatuses":[],"flaky":false}],"tags":[]},"source":"336920c385501144.json","parameterValues":[]}