{"uid":"49dfb3f843c09a2c","name":"User deletes a book by its ID successfully","fullName":"src/test/resources/features/deleteBooks.feature:3","historyId":"5e2fa1cd1bc02fea5f42c7fe5ad0ac22","time":{"start":1736010265022,"stop":1736010265162,"duration":140},"status":"failed","statusMessage":"The response message does not confirm deletion expected [true] but found [false]","statusTrace":"java.lang.AssertionError: The response message does not confirm deletion expected [true] but found [false]\n\tat org.testng.Assert.fail(Assert.java:111)\n\tat org.testng.Assert.failNotEquals(Assert.java:1578)\n\tat org.testng.Assert.assertTrue(Assert.java:57)\n\tat com.group_53.api_testing.stepDefinitions.deleteApiStepDefinitions.DeleteBookStepDefinition.theResponseMessageShouldConfirmDeletion(DeleteBookStepDefinition.java:66)\n\tat ✽.the response message should confirm deletion(file:///home/runner/work/API_Testing_demo_grp_53/API_Testing_demo_grp_53/src/test/resources/features/deleteBooks.feature:8)\n","flaky":false,"newFailed":false,"newBroken":false,"newPassed":false,"retriesCount":0,"retriesStatusChange":false,"beforeStages":[],"testStage":{"status":"failed","statusMessage":"The response message does not confirm deletion expected [true] but found [false]","statusTrace":"java.lang.AssertionError: The response message does not confirm deletion expected [true] but found [false]\n\tat org.testng.Assert.fail(Assert.java:111)\n\tat org.testng.Assert.failNotEquals(Assert.java:1578)\n\tat org.testng.Assert.assertTrue(Assert.java:57)\n\tat com.group_53.api_testing.stepDefinitions.deleteApiStepDefinitions.DeleteBookStepDefinition.theResponseMessageShouldConfirmDeletion(DeleteBookStepDefinition.java:66)\n\tat ✽.the response message should confirm deletion(file:///home/runner/work/API_Testing_demo_grp_53/API_Testing_demo_grp_53/src/test/resources/features/deleteBooks.feature:8)\n","steps":[{"name":"Given the API endpoint for deleting a book is \"/api/books/1\"","time":{"start":1736010265024,"stop":1736010265027,"duration":3},"status":"passed","steps":[],"attachments":[],"parameters":[],"shouldDisplayMessage":false,"stepsCount":0,"attachmentsCount":0,"hasContent":false,"attachmentStep":false},{"name":"And the user or admin provides valid credentials \"user\" and \"password\"","time":{"start":1736010265028,"stop":1736010265030,"duration":2},"status":"passed","steps":[],"attachments":[],"parameters":[],"shouldDisplayMessage":false,"stepsCount":0,"attachmentsCount":0,"hasContent":false,"attachmentStep":false},{"name":"When the \"user\" sends a DELETE request","time":{"start":1736010265030,"stop":1736010265151,"duration":121},"status":"passed","steps":[],"attachments":[],"parameters":[],"shouldDisplayMessage":false,"stepsCount":0,"attachmentsCount":0,"hasContent":false,"attachmentStep":false},{"name":"Then response status code should be 200","time":{"start":1736010265151,"stop":1736010265153,"duration":2},"status":"passed","steps":[],"attachments":[],"parameters":[],"shouldDisplayMessage":false,"stepsCount":0,"attachmentsCount":0,"hasContent":false,"attachmentStep":false},{"name":"And the response message should confirm deletion","time":{"start":1736010265153,"stop":1736010265159,"duration":6},"status":"failed","statusMessage":"The response message does not confirm deletion expected [true] but found [false]","statusTrace":"java.lang.AssertionError: The response message does not confirm deletion expected [true] but found [false]\n\tat org.testng.Assert.fail(Assert.java:111)\n\tat org.testng.Assert.failNotEquals(Assert.java:1578)\n\tat org.testng.Assert.assertTrue(Assert.java:57)\n\tat com.group_53.api_testing.stepDefinitions.deleteApiStepDefinitions.DeleteBookStepDefinition.theResponseMessageShouldConfirmDeletion(DeleteBookStepDefinition.java:66)\n\tat ✽.the response message should confirm deletion(file:///home/runner/work/API_Testing_demo_grp_53/API_Testing_demo_grp_53/src/test/resources/features/deleteBooks.feature:8)\n","steps":[],"attachments":[],"parameters":[],"shouldDisplayMessage":true,"stepsCount":0,"attachmentsCount":0,"hasContent":true,"attachmentStep":false}],"attachments":[],"parameters":[],"shouldDisplayMessage":false,"stepsCount":5,"attachmentsCount":0,"hasContent":true,"attachmentStep":false},"afterStages":[],"labels":[{"name":"host","value":"fv-az692-628"},{"name":"thread","value":"1917@fv-az692-628.main(1)"},{"name":"feature","value":"Delete a book by its ID"},{"name":"story","value":"User deletes a book by its ID successfully"},{"name":"suite","value":"Delete a book by its ID"},{"name":"testClass","value":"User deletes a book by its ID successfully"},{"name":"framework","value":"cucumber4jvm"},{"name":"language","value":"java"},{"name":"gherkin_uri","value":"file:///home/runner/work/API_Testing_demo_grp_53/API_Testing_demo_grp_53/src/test/resources/features/deleteBooks.feature"},{"name":"package","value":"src.test.resources.features.deleteBooks_feature.Delete a book by its ID"},{"name":"resultFormat","value":"allure2"}],"parameters":[],"links":[],"hidden":false,"retry":false,"extra":{"severity":"normal","retries":[],"categories":[{"name":"Product defects","matchedStatuses":[],"flaky":false}],"tags":[]},"source":"49dfb3f843c09a2c.json","parameterValues":[]}