{"uid":"99d7eb1a0b21f6f9","name":"validate with empty string for author and title field","fullName":"src/test/resources/features/updateBooks.feature:83","historyId":"2ffe7d1642db0855c6a95c99a2208f2b","time":{"start":1736010267159,"stop":1736010267254,"duration":95},"status":"failed","statusMessage":"BUG: Expected status code 400 but got 200","statusTrace":"java.lang.AssertionError: BUG: Expected status code 400 but got 200\n\tat org.testng.Assert.fail(Assert.java:111)\n\tat com.group_53.api_testing.stepDefinitions.updateApiStepDefinitions.UpdateBookStepDefinitions.verifyStatusCode(UpdateBookStepDefinitions.java:70)\n\tat ✽.the res status code should be 400(file:///home/runner/work/API_Testing_demo_grp_53/API_Testing_demo_grp_53/src/test/resources/features/updateBooks.feature:93)\n","flaky":false,"newFailed":false,"newBroken":false,"newPassed":false,"retriesCount":0,"retriesStatusChange":false,"beforeStages":[],"testStage":{"status":"failed","statusMessage":"BUG: Expected status code 400 but got 200","statusTrace":"java.lang.AssertionError: BUG: Expected status code 400 but got 200\n\tat org.testng.Assert.fail(Assert.java:111)\n\tat com.group_53.api_testing.stepDefinitions.updateApiStepDefinitions.UpdateBookStepDefinitions.verifyStatusCode(UpdateBookStepDefinitions.java:70)\n\tat ✽.the res status code should be 400(file:///home/runner/work/API_Testing_demo_grp_53/API_Testing_demo_grp_53/src/test/resources/features/updateBooks.feature:93)\n","steps":[{"name":"Given a book exists with id 2","time":{"start":1736010267159,"stop":1736010267160,"duration":1},"status":"passed","steps":[],"attachments":[],"parameters":[],"shouldDisplayMessage":false,"stepsCount":0,"attachmentsCount":0,"hasContent":false,"attachmentStep":false},{"name":"When I send a PUT request to \"/api/books/2\" with the following payload","time":{"start":1736010267160,"stop":1736010267253,"duration":93},"status":"passed","steps":[],"attachments":[],"parameters":[],"shouldDisplayMessage":false,"stepsCount":0,"attachmentsCount":0,"hasContent":false,"attachmentStep":false},{"name":"Then the res status code should be 400","time":{"start":1736010267253,"stop":1736010267254,"duration":1},"status":"failed","statusMessage":"BUG: Expected status code 400 but got 200","statusTrace":"java.lang.AssertionError: BUG: Expected status code 400 but got 200\n\tat org.testng.Assert.fail(Assert.java:111)\n\tat com.group_53.api_testing.stepDefinitions.updateApiStepDefinitions.UpdateBookStepDefinitions.verifyStatusCode(UpdateBookStepDefinitions.java:70)\n\tat ✽.the res status code should be 400(file:///home/runner/work/API_Testing_demo_grp_53/API_Testing_demo_grp_53/src/test/resources/features/updateBooks.feature:93)\n","steps":[],"attachments":[],"parameters":[],"shouldDisplayMessage":true,"stepsCount":0,"attachmentsCount":0,"hasContent":true,"attachmentStep":false}],"attachments":[],"parameters":[],"shouldDisplayMessage":false,"stepsCount":3,"attachmentsCount":0,"hasContent":true,"attachmentStep":false},"afterStages":[],"labels":[{"name":"host","value":"fv-az692-628"},{"name":"thread","value":"1917@fv-az692-628.main(1)"},{"name":"feature","value":"Update Book API"},{"name":"story","value":"validate with empty string for author and title field"},{"name":"suite","value":"Update Book API"},{"name":"testClass","value":"validate with empty string for author and title field"},{"name":"framework","value":"cucumber4jvm"},{"name":"language","value":"java"},{"name":"gherkin_uri","value":"file:///home/runner/work/API_Testing_demo_grp_53/API_Testing_demo_grp_53/src/test/resources/features/updateBooks.feature"},{"name":"package","value":"src.test.resources.features.updateBooks_feature.Update Book API"},{"name":"resultFormat","value":"allure2"}],"parameters":[],"links":[],"hidden":false,"retry":false,"extra":{"severity":"normal","retries":[],"categories":[{"name":"Product defects","matchedStatuses":[],"flaky":false}],"tags":[]},"source":"99d7eb1a0b21f6f9.json","parameterValues":[]}