{"uid":"a6230b7165d0c8ae","name":"Admin sends a POST request with missing values in the payload (BUG EXPECTED)","fullName":"src/test/resources/features/postBook.feature:27","historyId":"a2358787e586a9f8f412fc8f393b4040","time":{"start":1735925919234,"stop":1735925919332,"duration":98},"status":"failed","statusMessage":"The error message does not match. expected [Fields 'title' and 'author' cannot be null or empty] but found [Mandatory parameters should not be null]","statusTrace":"java.lang.AssertionError: The error message does not match. expected [Fields 'title' and 'author' cannot be null or empty] but found [Mandatory parameters should not be null]\n\tat org.testng.Assert.fail(Assert.java:111)\n\tat org.testng.Assert.failNotEquals(Assert.java:1578)\n\tat org.testng.Assert.assertEqualsImpl(Assert.java:150)\n\tat org.testng.Assert.assertEquals(Assert.java:132)\n\tat org.testng.Assert.assertEquals(Assert.java:656)\n\tat com.group_53.api_testing.stepDefinitions.updateApiStepDefinitions.AddBookAPISteps.theResponseShouldContainTheMessage(AddBookAPISteps.java:151)\n\tat ✽.the response should contain the message \"Fields 'title' and 'author' cannot be null or empty\"(file:///home/runner/work/API_Testing_demo_grp_53/API_Testing_demo_grp_53/src/test/resources/features/postBook.feature:31)\n","flaky":false,"newFailed":false,"newBroken":false,"newPassed":false,"retriesCount":0,"retriesStatusChange":false,"beforeStages":[],"testStage":{"status":"failed","statusMessage":"The error message does not match. expected [Fields 'title' and 'author' cannot be null or empty] but found [Mandatory parameters should not be null]","statusTrace":"java.lang.AssertionError: The error message does not match. expected [Fields 'title' and 'author' cannot be null or empty] but found [Mandatory parameters should not be null]\n\tat org.testng.Assert.fail(Assert.java:111)\n\tat org.testng.Assert.failNotEquals(Assert.java:1578)\n\tat org.testng.Assert.assertEqualsImpl(Assert.java:150)\n\tat org.testng.Assert.assertEquals(Assert.java:132)\n\tat org.testng.Assert.assertEquals(Assert.java:656)\n\tat com.group_53.api_testing.stepDefinitions.updateApiStepDefinitions.AddBookAPISteps.theResponseShouldContainTheMessage(AddBookAPISteps.java:151)\n\tat ✽.the response should contain the message \"Fields 'title' and 'author' cannot be null or empty\"(file:///home/runner/work/API_Testing_demo_grp_53/API_Testing_demo_grp_53/src/test/resources/features/postBook.feature:31)\n","steps":[{"name":"Given I am an admin user","time":{"start":1735925919235,"stop":1735925919235,"duration":0},"status":"passed","steps":[],"attachments":[],"parameters":[],"shouldDisplayMessage":false,"stepsCount":0,"attachmentsCount":0,"hasContent":false,"attachmentStep":false},{"name":"When I send a POST request to \"/api/books\" with missing values","time":{"start":1735925919236,"stop":1735925919328,"duration":92},"status":"passed","steps":[],"attachments":[],"parameters":[],"shouldDisplayMessage":false,"stepsCount":0,"attachmentsCount":0,"hasContent":false,"attachmentStep":false},{"name":"Then I should receive a response with status code 400","time":{"start":1735925919328,"stop":1735925919328,"duration":0},"status":"passed","steps":[],"attachments":[],"parameters":[],"shouldDisplayMessage":false,"stepsCount":0,"attachmentsCount":0,"hasContent":false,"attachmentStep":false},{"name":"And the response should contain the message \"Fields 'title' and 'author' cannot be null or empty\"","time":{"start":1735925919329,"stop":1735925919332,"duration":3},"status":"failed","statusMessage":"The error message does not match. expected [Fields 'title' and 'author' cannot be null or empty] but found [Mandatory parameters should not be null]","statusTrace":"java.lang.AssertionError: The error message does not match. expected [Fields 'title' and 'author' cannot be null or empty] but found [Mandatory parameters should not be null]\n\tat org.testng.Assert.fail(Assert.java:111)\n\tat org.testng.Assert.failNotEquals(Assert.java:1578)\n\tat org.testng.Assert.assertEqualsImpl(Assert.java:150)\n\tat org.testng.Assert.assertEquals(Assert.java:132)\n\tat org.testng.Assert.assertEquals(Assert.java:656)\n\tat com.group_53.api_testing.stepDefinitions.updateApiStepDefinitions.AddBookAPISteps.theResponseShouldContainTheMessage(AddBookAPISteps.java:151)\n\tat ✽.the response should contain the message \"Fields 'title' and 'author' cannot be null or empty\"(file:///home/runner/work/API_Testing_demo_grp_53/API_Testing_demo_grp_53/src/test/resources/features/postBook.feature:31)\n","steps":[],"attachments":[],"parameters":[],"shouldDisplayMessage":true,"stepsCount":0,"attachmentsCount":0,"hasContent":true,"attachmentStep":false}],"attachments":[],"parameters":[],"shouldDisplayMessage":false,"stepsCount":4,"attachmentsCount":0,"hasContent":true,"attachmentStep":false},"afterStages":[],"labels":[{"name":"host","value":"fv-az1117-366"},{"name":"thread","value":"1943@fv-az1117-366.main(1)"},{"name":"feature","value":"Add new book to the system"},{"name":"story","value":"Admin sends a POST request with missing values in the payload (BUG EXPECTED)"},{"name":"suite","value":"Add new book to the system"},{"name":"testClass","value":"Admin sends a POST request with missing values in the payload (BUG EXPECTED)"},{"name":"framework","value":"cucumber4jvm"},{"name":"language","value":"java"},{"name":"gherkin_uri","value":"file:///home/runner/work/API_Testing_demo_grp_53/API_Testing_demo_grp_53/src/test/resources/features/postBook.feature"},{"name":"package","value":"src.test.resources.features.postBook_feature.Add new book to the system"},{"name":"resultFormat","value":"allure2"}],"parameters":[],"links":[],"hidden":false,"retry":false,"extra":{"severity":"normal","retries":[],"categories":[{"name":"Product defects","matchedStatuses":[],"flaky":false}],"tags":[]},"source":"a6230b7165d0c8ae.json","parameterValues":[]}