{"uid":"d044dd46c944eba7","name":"Retrieve a book by its ID","fullName":"src/test/resources/features/getBooks.feature:5","historyId":"1143b6cacf78ee244c92f4c2f43bc88b","time":{"start":1736010265359,"stop":1736010265456,"duration":97},"description":"  To ensure the proper functioning of the library system,\n  users should be able to retrieve details of books using APIs.","descriptionHtml":"<p>To ensure the proper functioning of the library system,<br />\nusers should be able to retrieve details of books using APIs.</p>\n","status":"failed","statusMessage":"Unexpected status code expected [200] but found [404]","statusTrace":"java.lang.AssertionError: Unexpected status code expected [200] but found [404]\n\tat org.testng.Assert.fail(Assert.java:111)\n\tat org.testng.Assert.failNotEquals(Assert.java:1578)\n\tat org.testng.Assert.assertEqualsImpl(Assert.java:150)\n\tat org.testng.Assert.assertEquals(Assert.java:132)\n\tat org.testng.Assert.assertEquals(Assert.java:1419)\n\tat org.testng.Assert.assertEquals(Assert.java:1383)\n\tat com.group_53.api_testing.stepDefinitions.getApiStepDefinitions.GetBookStepDefinition.the_response_status_code_should_be(GetBookStepDefinition.java:41)\n\tat ✽.the response status code should be 200(file:///home/runner/work/API_Testing_demo_grp_53/API_Testing_demo_grp_53/src/test/resources/features/getBooks.feature:8)\n","flaky":false,"newFailed":false,"newBroken":false,"newPassed":false,"retriesCount":0,"retriesStatusChange":false,"beforeStages":[],"testStage":{"description":"  To ensure the proper functioning of the library system,\n  users should be able to retrieve details of books using APIs.","status":"failed","statusMessage":"Unexpected status code expected [200] but found [404]","statusTrace":"java.lang.AssertionError: Unexpected status code expected [200] but found [404]\n\tat org.testng.Assert.fail(Assert.java:111)\n\tat org.testng.Assert.failNotEquals(Assert.java:1578)\n\tat org.testng.Assert.assertEqualsImpl(Assert.java:150)\n\tat org.testng.Assert.assertEquals(Assert.java:132)\n\tat org.testng.Assert.assertEquals(Assert.java:1419)\n\tat org.testng.Assert.assertEquals(Assert.java:1383)\n\tat com.group_53.api_testing.stepDefinitions.getApiStepDefinitions.GetBookStepDefinition.the_response_status_code_should_be(GetBookStepDefinition.java:41)\n\tat ✽.the response status code should be 200(file:///home/runner/work/API_Testing_demo_grp_53/API_Testing_demo_grp_53/src/test/resources/features/getBooks.feature:8)\n","steps":[{"name":"Given the API endpoint is \"/api/books/1\"","time":{"start":1736010265359,"stop":1736010265360,"duration":1},"status":"passed","steps":[],"attachments":[],"parameters":[],"shouldDisplayMessage":false,"stepsCount":0,"attachmentsCount":0,"hasContent":false,"attachmentStep":false},{"name":"When the user sends a GET request","time":{"start":1736010265360,"stop":1736010265452,"duration":92},"status":"passed","steps":[],"attachments":[],"parameters":[],"shouldDisplayMessage":false,"stepsCount":0,"attachmentsCount":0,"hasContent":false,"attachmentStep":false},{"name":"Then the response status code should be 200","time":{"start":1736010265452,"stop":1736010265454,"duration":2},"status":"failed","statusMessage":"Unexpected status code expected [200] but found [404]","statusTrace":"java.lang.AssertionError: Unexpected status code expected [200] but found [404]\n\tat org.testng.Assert.fail(Assert.java:111)\n\tat org.testng.Assert.failNotEquals(Assert.java:1578)\n\tat org.testng.Assert.assertEqualsImpl(Assert.java:150)\n\tat org.testng.Assert.assertEquals(Assert.java:132)\n\tat org.testng.Assert.assertEquals(Assert.java:1419)\n\tat org.testng.Assert.assertEquals(Assert.java:1383)\n\tat com.group_53.api_testing.stepDefinitions.getApiStepDefinitions.GetBookStepDefinition.the_response_status_code_should_be(GetBookStepDefinition.java:41)\n\tat ✽.the response status code should be 200(file:///home/runner/work/API_Testing_demo_grp_53/API_Testing_demo_grp_53/src/test/resources/features/getBooks.feature:8)\n","steps":[],"attachments":[],"parameters":[],"shouldDisplayMessage":true,"stepsCount":0,"attachmentsCount":0,"hasContent":true,"attachmentStep":false},{"name":"And the response should contain the book details","time":{"start":1736010265454,"stop":1736010265455,"duration":1},"status":"skipped","steps":[],"attachments":[],"parameters":[],"shouldDisplayMessage":false,"stepsCount":0,"attachmentsCount":0,"hasContent":false,"attachmentStep":false},{"name":"And the \"id\" in the response should be 1","time":{"start":1736010265455,"stop":1736010265455,"duration":0},"status":"skipped","steps":[],"attachments":[],"parameters":[],"shouldDisplayMessage":false,"stepsCount":0,"attachmentsCount":0,"hasContent":false,"attachmentStep":false},{"name":"And the \"title\" and \"author\" should not be empty","time":{"start":1736010265455,"stop":1736010265455,"duration":0},"status":"skipped","steps":[],"attachments":[],"parameters":[],"shouldDisplayMessage":false,"stepsCount":0,"attachmentsCount":0,"hasContent":false,"attachmentStep":false}],"attachments":[],"parameters":[],"shouldDisplayMessage":false,"stepsCount":6,"attachmentsCount":0,"hasContent":true,"attachmentStep":false},"afterStages":[],"labels":[{"name":"host","value":"fv-az692-628"},{"name":"thread","value":"1917@fv-az692-628.main(1)"},{"name":"feature","value":"Fetch Book Details"},{"name":"story","value":"Retrieve a book by its ID"},{"name":"suite","value":"Fetch Book Details"},{"name":"testClass","value":"Retrieve a book by its ID"},{"name":"framework","value":"cucumber4jvm"},{"name":"language","value":"java"},{"name":"gherkin_uri","value":"file:///home/runner/work/API_Testing_demo_grp_53/API_Testing_demo_grp_53/src/test/resources/features/getBooks.feature"},{"name":"package","value":"src.test.resources.features.getBooks_feature.Fetch Book Details"},{"name":"resultFormat","value":"allure2"}],"parameters":[],"links":[],"hidden":false,"retry":false,"extra":{"severity":"normal","retries":[],"categories":[{"name":"Product defects","matchedStatuses":[],"flaky":false}],"tags":[]},"source":"d044dd46c944eba7.json","parameterValues":[]}